C:\USERS\ADMINISTRATOR\DESKTOP\JY901MODBUS\DEBUG\COM.OBJ
C:\USERS\ADMINISTRATOR\DESKTOP\JY901MODBUS\DEBUG\MAIN.OBJ
C:\USERS\ADMINISTRATOR\DESKTOP\JY901MODBUS\DEBUG\VC110.PDB
C:\USERS\ADMINISTRATOR\DESKTOP\JY901MODBUS\DEBUG\WIT_MCU_SDK.OBJ
C:\USERS\ADMINISTRATOR\DESKTOP\JY901MODBUS\DEBUG\WITSIMULATE.ILK
C:\USERS\ADMINISTRATOR\DESKTOP\JY901MODBUS\DEBUG\WITSIMULATE.EXE
C:\USERS\ADMINISTRATOR\DESKTOP\JY901MODBUS\DEBUG\WITSIMULATE.PDB
C:\Users\Administrator\Desktop\JY901Modbus\Debug\Com.obj
C:\Users\Administrator\Desktop\JY901Modbus\Debug\Main.obj
C:\Users\Administrator\Desktop\JY901Modbus\Debug\wit_mcu_sdk.obj
C:\Users\Administrator\Desktop\JY901Modbus\Debug\WitSimulate.ilk
C:\Users\Administrator\Desktop\JY901Modbus\Debug\cl.command.1.tlog
C:\Users\Administrator\Desktop\JY901Modbus\Debug\CL.read.1.tlog
C:\Users\Administrator\Desktop\JY901Modbus\Debug\CL.write.1.tlog
C:\Users\Administrator\Desktop\JY901Modbus\Debug\link-cvtres.read.1.tlog
C:\Users\Administrator\Desktop\JY901Modbus\Debug\link-cvtres.write.1.tlog
C:\Users\Administrator\Desktop\JY901Modbus\Debug\link-rc.read.1.tlog
C:\Users\Administrator\Desktop\JY901Modbus\Debug\link-rc.write.1.tlog
C:\Users\Administrator\Desktop\JY901Modbus\Debug\link.command.1.tlog
C:\Users\Administrator\Desktop\JY901Modbus\Debug\link.read.1.tlog
C:\Users\Administrator\Desktop\JY901Modbus\Debug\link.write.1.tlog
C:\Users\Administrator\Desktop\JY901Modbus\Debug\vc110.idb
C:\Users\Administrator\Desktop\JY901Modbus\Debug\vc110.pdb
C:\Users\Administrator\Desktop\JY901Modbus\Debug\WitSimulate.pdb
C:\Users\Administrator\Desktop\JY901Modbus\Debug\WitSimulate.exe
